<?xml version="1.0" encoding="UTF-8" ?>
<testsuite tests="11" failures="0" name="fr.univavignon.pokedex.api.IPokedexTest" time="0.001" errors="0" skipped="0">
  <properties>
    <property name="java.runtime.name" value="Java(TM) SE Runtime Environment"/>
    <property name="java.vm.version" value="17.0.7+8-LTS-224"/>
    <property name="sun.boot.library.path" value="C:\Program Files\Java\jdk-17\bin"/>
    <property name="maven.multiModuleProjectDirectory" value="C:\Users\funsk\OneDrive\Bureau\Techniques de tests\ceri-m1-techniques-de-test"/>
    <property name="java.vm.vendor" value="Oracle Corporation"/>
    <property name="java.vendor.url" value="https://java.oracle.com/"/>
    <property name="guice.disable.misplaced.annotation.check" value="true"/>
    <property name="path.separator" value=";"/>
    <property name="java.vm.name" value="Java HotSpot(TM) 64-Bit Server VM"/>
    <property name="sun.os.patch.level" value=""/>
    <property name="user.script" value=""/>
    <property name="user.country" value="FR"/>
    <property name="sun.java.launcher" value="SUN_STANDARD"/>
    <property name="java.vm.specification.name" value="Java Virtual Machine Specification"/>
    <property name="user.dir" value="C:\Users\funsk\OneDrive\Bureau\Techniques de tests\ceri-m1-techniques-de-test"/>
    <property name="java.vm.compressedOopsMode" value="32-bit"/>
    <property name="java.runtime.version" value="17.0.7+8-LTS-224"/>
    <property name="os.arch" value="amd64"/>
    <property name="java.io.tmpdir" value="C:\Users\funsk\AppData\Local\Temp\"/>
    <property name="line.separator" value="
"/>
    <property name="java.vm.specification.vendor" value="Oracle Corporation"/>
    <property name="user.variant" value=""/>
    <property name="os.name" value="Windows 10"/>
    <property name="classworlds.conf" value="D:\IntelliJ IDEA 2021.2.3\plugins\maven\lib\maven3\bin\..\bin\m2.conf"/>
    <property name="sun.jnu.encoding" value="Cp1252"/>
    <property name="java.library.path" value="C:\Program Files\Java\jdk-17\bin;C:\WINDOWS\Sun\Java\bin;C:\WINDOWS\system32;C:\WINDOWS;C:\Program Files\NVIDIA GPU Computing Toolkit\CUDA\v11.8\bin;C:\Program Files\NVIDIA GPU Computing Toolkit\CUDA\v11.8\libnvvp;D:\Python\Scripts\;D:\Python\;C:\windows\system32;C:\windows;C:\windows\System32\Wbem;C:\windows\System32\WindowsPowerShell\v1.0\;C:\windows\System32\OpenSSH\;C:\Program Files (x86)\NVIDIA Corporation\PhysX\Common;C:\Program Files\NVIDIA Corporation\NVIDIA NGX;C:\Program Files\NVIDIA Corporation\NVIDIA NvDLISR;C:\WINDOWS\system32;C:\WINDOWS;C:\WINDOWS\System32\Wbem;C:\WINDOWS\System32\WindowsPowerShell\v1.0\;C:\WINDOWS\System32\OpenSSH\;C:\Program Files\NVIDIA Corporation\Nsight Compute 2022.3.0\;C:\Program Files\Java\jre1.8.0_361\bin;C:\Program Files\nodejs\;C:\Program Files\GitHub CLI\;C:\Program Files\Git\cmd;C:\Program Files\Java\jdk-17\bin;C:\Users\funsk\OneDrive\Bureau\glassfish5\bin\;C:\Program Files\dotnet\;C:\Program Files\ZeroC\Ice-3.7.9\bin;D:\IntelliJ IDEA 2021.2.3\plugins\maven\lib\maven3\bin;C:\Users\funsk\AppData\Local\Microsoft\WindowsApps;D:\Microsoft VS Code\bin;C:\Users\funsk\AppData\Roaming\npm;\home\t\.cargo\bin;C:\Users\funsk\.dotnet\tools;."/>
    <property name="maven.conf" value="D:\IntelliJ IDEA 2021.2.3\plugins\maven\lib\maven3\bin\../conf"/>
    <property name="jdk.debug" value="release"/>
    <property name="java.class.version" value="61.0"/>
    <property name="java.specification.name" value="Java Platform API Specification"/>
    <property name="sun.management.compiler" value="HotSpot 64-Bit Tiered Compilers"/>
    <property name="os.version" value="10.0"/>
    <property name="library.jansi.path" value="D:\IntelliJ IDEA 2021.2.3\plugins\maven\lib\maven3\bin\..\lib\jansi-native"/>
    <property name="user.home" value="C:\Users\funsk"/>
    <property name="user.timezone" value="Europe/Berlin"/>
    <property name="file.encoding" value="Cp1252"/>
    <property name="java.specification.version" value="17"/>
    <property name="user.name" value="funsk"/>
    <property name="java.class.path" value="D:\IntelliJ IDEA 2021.2.3\plugins\maven\lib\maven3\bin\..\boot\plexus-classworlds-2.6.0.jar"/>
    <property name="java.vm.specification.version" value="17"/>
    <property name="sun.arch.data.model" value="64"/>
    <property name="sun.java.command" value="org.codehaus.plexus.classworlds.launcher.Launcher test"/>
    <property name="java.home" value="C:\Program Files\Java\jdk-17"/>
    <property name="user.language" value="fr"/>
    <property name="java.specification.vendor" value="Oracle Corporation"/>
    <property name="java.vm.info" value="mixed mode, sharing"/>
    <property name="java.version" value="17.0.7"/>
    <property name="native.encoding" value="Cp1252"/>
    <property name="java.vendor" value="Oracle Corporation"/>
    <property name="sun.stderr.encoding" value="cp850"/>
    <property name="maven.home" value="D:\IntelliJ IDEA 2021.2.3\plugins\maven\lib\maven3\bin\.."/>
    <property name="file.separator" value="\"/>
    <property name="java.version.date" value="2023-04-18"/>
    <property name="java.vendor.url.bug" value="https://bugreport.java.com/bugreport/"/>
    <property name="sun.io.unicode.encoding" value="UnicodeLittle"/>
    <property name="sun.cpu.endian" value="little"/>
    <property name="sun.stdout.encoding" value="cp850"/>
    <property name="sun.cpu.isalist" value="amd64"/>
  </properties>
  <testcase classname="fr.univavignon.pokedex.api.IPokedexTest" name="testSize" time="0"/>
  <testcase classname="fr.univavignon.pokedex.api.IPokedexTest" name="testCreatePokemon" time="0"/>
  <testcase classname="fr.univavignon.pokedex.api.IPokedexTest" name="testGetPokemon" time="0.001"/>
  <testcase classname="fr.univavignon.pokedex.api.IPokedexTest" name="testGetPokemonException" time="0"/>
  <testcase classname="fr.univavignon.pokedex.api.IPokedexTest" name="testGetOrderedListByIndex" time="0"/>
  <testcase classname="fr.univavignon.pokedex.api.IPokedexTest" name="testGetOrderedListByCp" time="0"/>
  <testcase classname="fr.univavignon.pokedex.api.IPokedexTest" name="testAddPokemon" time="0"/>
  <testcase classname="fr.univavignon.pokedex.api.IPokedexTest" name="testGetPokemonMetadata" time="0"/>
  <testcase classname="fr.univavignon.pokedex.api.IPokedexTest" name="testGetPokemons" time="0"/>
  <testcase classname="fr.univavignon.pokedex.api.IPokedexTest" name="testGetOrderedListByName" time="0"/>
  <testcase classname="fr.univavignon.pokedex.api.IPokedexTest" name="testGetPokemonsOrder" time="0"/>
</testsuite>